Removed Pin From Net: NetName=C13 Pin=U?-2
Removed Pin From Net: NetName=NetC8_1 Pin=U?-3
Removed Pin From Net: NetName=NetC9_1 Pin=U?-4
Removed Pin From Net: NetName=NetC11_1 Pin=U?-5
Removed Pin From Net: NetName=NetC10_1 Pin=U?-6
Removed Pin From Net: NetName=RST Pin=U?-7
Removed Pin From Net: NetName=C0 Pin=U?-8
Removed Pin From Net: NetName=C1 Pin=U?-9
Removed Pin From Net: NetName=C2 Pin=U?-10
Removed Pin From Net: NetName=C3 Pin=U?-11
Removed Pin From Net: NetName=A0 Pin=U?-14
Removed Pin From Net: NetName=A1 Pin=U?-15
Removed Pin From Net: NetName=A2 Pin=U?-16
Removed Pin From Net: NetName=A3 Pin=U?-17
Removed Pin From Net: NetName=A4 Pin=U?-20
Removed Pin From Net: NetName=A5 Pin=U?-21
Removed Pin From Net: NetName=A6 Pin=U?-22
Removed Pin From Net: NetName=A7 Pin=U?-23
Removed Pin From Net: NetName=C4 Pin=U?-24
Removed Pin From Net: NetName=C5 Pin=U?-25
Removed Pin From Net: NetName=B0 Pin=U?-26
Removed Pin From Net: NetName=B1 Pin=U?-27
Removed Pin From Net: NetName=NetR1_2 Pin=U?-28
Removed Pin From Net: NetName=B10 Pin=U?-29
Removed Pin From Net: NetName=B11 Pin=U?-30
Removed Pin From Net: NetName=B12 Pin=U?-33
Removed Pin From Net: NetName=B13 Pin=U?-34
Removed Pin From Net: NetName=B14 Pin=U?-35
Removed Pin From Net: NetName=B15 Pin=U?-36
Removed Pin From Net: NetName=C6 Pin=U?-37
Removed Pin From Net: NetName=C7 Pin=U?-38
Removed Pin From Net: NetName=C8 Pin=U?-39
Removed Pin From Net: NetName=C9 Pin=U?-40
Removed Pin From Net: NetName=A8 Pin=U?-41
Removed Pin From Net: NetName=A9 Pin=U?-42
Removed Pin From Net: NetName=A10 Pin=U?-43
Removed Pin From Net: NetName=A11 Pin=U?-44
Removed Pin From Net: NetName=A12 Pin=U?-45
Removed Pin From Net: NetName=A13 Pin=U?-46
Removed Pin From Net: NetName=A14 Pin=U?-49
Removed Pin From Net: NetName=A15 Pin=U?-50
Removed Pin From Net: NetName=C10 Pin=U?-51
Removed Pin From Net: NetName=C11 Pin=U?-52
Removed Pin From Net: NetName=C12 Pin=U?-53
Removed Pin From Net: NetName=D2 Pin=U?-54
Removed Pin From Net: NetName=B3 Pin=U?-55
Removed Pin From Net: NetName=B4 Pin=U?-56
Removed Pin From Net: NetName=B5 Pin=U?-57
Removed Pin From Net: NetName=B6 Pin=U?-58
Removed Pin From Net: NetName=B7 Pin=U?-59
Removed Pin From Net: NetName=NetR2_1 Pin=U?-60
Removed Pin From Net: NetName=B8 Pin=U?-61
Removed Pin From Net: NetName=B9 Pin=U?-62
Change Component Designator: OldDesignator=U? NewDesignator=U1
Added Pin To Net: NetName=C13 Pin=U1-2
Added Pin To Net: NetName=NetC8_1 Pin=U1-3
Added Pin To Net: NetName=NetC9_1 Pin=U1-4
Added Pin To Net: NetName=NetC11_1 Pin=U1-5
Added Pin To Net: NetName=NetC10_1 Pin=U1-6
Added Pin To Net: NetName=RST Pin=U1-7
Added Pin To Net: NetName=C0 Pin=U1-8
Added Pin To Net: NetName=C1 Pin=U1-9
Added Pin To Net: NetName=C2 Pin=U1-10
Added Pin To Net: NetName=C3 Pin=U1-11
Added Pin To Net: NetName=A0 Pin=U1-14
Added Pin To Net: NetName=A1 Pin=U1-15
Added Pin To Net: NetName=A2 Pin=U1-16
Added Pin To Net: NetName=A3 Pin=U1-17
Added Pin To Net: NetName=A4 Pin=U1-20
Added Pin To Net: NetName=A5 Pin=U1-21
Added Pin To Net: NetName=A6 Pin=U1-22
Added Pin To Net: NetName=A7 Pin=U1-23
Added Pin To Net: NetName=C4 Pin=U1-24
Added Pin To Net: NetName=C5 Pin=U1-25
Added Pin To Net: NetName=B0 Pin=U1-26
Added Pin To Net: NetName=B1 Pin=U1-27
Added Pin To Net: NetName=NetR1_2 Pin=U1-28
Added Pin To Net: NetName=B10 Pin=U1-29
Added Pin To Net: NetName=B11 Pin=U1-30
Added Pin To Net: NetName=B12 Pin=U1-33
Added Pin To Net: NetName=B13 Pin=U1-34
Added Pin To Net: NetName=B14 Pin=U1-35
Added Pin To Net: NetName=B15 Pin=U1-36
Added Pin To Net: NetName=C6 Pin=U1-37
Added Pin To Net: NetName=C7 Pin=U1-38
Added Pin To Net: NetName=C8 Pin=U1-39
Added Pin To Net: NetName=C9 Pin=U1-40
Added Pin To Net: NetName=A8 Pin=U1-41
Added Pin To Net: NetName=A9 Pin=U1-42
Added Pin To Net: NetName=A10 Pin=U1-43
Added Pin To Net: NetName=A11 Pin=U1-44
Added Pin To Net: NetName=A12 Pin=U1-45
Added Pin To Net: NetName=A13 Pin=U1-46
Added Pin To Net: NetName=A14 Pin=U1-49
Added Pin To Net: NetName=A15 Pin=U1-50
Added Pin To Net: NetName=C10 Pin=U1-51
Added Pin To Net: NetName=C11 Pin=U1-52
Added Pin To Net: NetName=C12 Pin=U1-53
Added Pin To Net: NetName=D2 Pin=U1-54
Added Pin To Net: NetName=B3 Pin=U1-55
Added Pin To Net: NetName=B4 Pin=U1-56
Added Pin To Net: NetName=B5 Pin=U1-57
Added Pin To Net: NetName=B6 Pin=U1-58
Added Pin To Net: NetName=B7 Pin=U1-59
Added Pin To Net: NetName=NetR2_1 Pin=U1-60
Added Pin To Net: NetName=B8 Pin=U1-61
Added Pin To Net: NetName=B9 Pin=U1-62
