Removed Pin From Net: NetName=5V Pin=P1-1
Removed Pin From Net: NetName=GND Pin=P1-2
Removed Pin From Net: NetName=IO Pin=P1-3
Removed Pin From Net: NetName=CLK Pin=P1-4
Removed Pin From Net: NetName=5V Pin=P2-1
Removed Pin From Net: NetName=GND Pin=P2-2
Removed Pin From Net: NetName=Uart1_Tx Pin=P2-3
Removed Pin From Net: NetName=Uart1_Rx Pin=P2-4
Change Component Footprint: Designator=P1 Old Footprint=HDR1X4H New Footprint=HDR1X4
Change Component Footprint: Designator=P2 Old Footprint=HDR1X4H New Footprint=HDR1X4
Change Component Footprint: Designator=N1 Old Footprint=SIP4 New Footprint=OTP
Change Component Comment : Designator=P1 Old Comment=Header 4H New Comment=Header 4
Change Component Comment : Designator=P2 Old Comment=Header 4H New Comment=Header 4
Added Pin To Net: NetName=CLK Pin=P1-1
Added Pin To Net: NetName=IO Pin=P1-2
Added Pin To Net: NetName=GND Pin=P1-3
Added Pin To Net: NetName=5V Pin=P1-4
Added Pin To Net: NetName=Uart1_Rx Pin=P2-1
Added Pin To Net: NetName=Uart1_Tx Pin=P2-2
Added Pin To Net: NetName=GND Pin=P2-3
Added Pin To Net: NetName=5V Pin=P2-4
